{
  "RSpec": {
    "coverage": {
      "/Users/oreolpost/work/ruby/marketplace_aggregator/spec/support/factory_bot.rb": {
        "lines": [
          null,
          null,
          1,
          1,
          null
        ]
      },
      "/Users/oreolpost/work/ruby/marketplace_aggregator/config/environment.rb": {
        "lines": [
          null,
          null,
          null,
          1,
          null,
          null,
          1
        ]
      },
      "/Users/oreolpost/work/ruby/marketplace_aggregator/config/application.rb": {
        "lines": [
          null,
          null,
          1,
          null,
          1,
          null,
          1,
          1,
          1,
          null,
          1,
          null,
          null,
          null,
          1,
          null,
          null,
          null,
          null,
          null,
          1,
          null,
          1,
          1,
          null,
          1,
          null,
          null,
          null,
          null,
          1,
          null,
          null,
          null,
          null,
          null,
          null,
          null,
          null,
          null,
          null,
          null,
          null,
          1,
          null,
          1,
          null,
          null
        ]
      },
      "/Users/oreolpost/work/ruby/marketplace_aggregator/config/boot.rb": {
        "lines": [
          null,
          null,
          1,
          null,
          1
        ]
      },
      "/Users/oreolpost/work/ruby/marketplace_aggregator/config/environments/test.rb": {
        "lines": [
          null,
          null,
          1,
          null,
          null,
          null,
          null,
          null,
          null,
          1,
          null,
          null,
          null,
          1,
          null,
          null,
          null,
          null,
          null,
          1,
          null,
          null,
          1,
          1,
          null,
          null,
          null,
          null,
          1,
          1,
          1,
          null,
          null,
          1,
          null,
          null,
          1,
          null,
          null,
          1,
          null,
          null,
          1,
          null,
          null,
          1,
          null,
          null,
          null,
          null,
          null,
          null,
          null,
          null,
          1,
          null
        ]
      },
      "/Users/oreolpost/work/ruby/marketplace_aggregator/config/initializers/cors.rb": {
        "lines": [
          null,
          null,
          null,
          null,
          null,
          null,
          null,
          null,
          null,
          null,
          null,
          null,
          null,
          null,
          null,
          null,
          null
        ]
      },
      "/Users/oreolpost/work/ruby/marketplace_aggregator/config/initializers/filter_parameter_logging.rb": {
        "lines": [
          null,
          null,
          null,
          null,
          null,
          null,
          null,
          1,
          null,
          null
        ]
      },
      "/Users/oreolpost/work/ruby/marketplace_aggregator/config/initializers/inflections.rb": {
        "lines": [
          null,
          null,
          null,
          null,
          null,
          null,
          null,
          null,
          null,
          null,
          null,
          null,
          null,
          null,
          null,
          null,
          null
        ]
      },
      "/Users/oreolpost/work/ruby/marketplace_aggregator/spec/factories/clients.rb": {
        "lines": [
          null,
          null,
          1,
          1,
          16,
          null,
          1,
          5,
          null,
          null,
          null
        ]
      },
      "/Users/oreolpost/work/ruby/marketplace_aggregator/spec/factories/marketplace_credentials.rb": {
        "lines": [
          null,
          null,
          1,
          1,
          1,
          1,
          10,
          7,
          null,
          1,
          1,
          1,
          3,
          3,
          null,
          null,
          1,
          1,
          1,
          8,
          1,
          3,
          null,
          null,
          null,
          null,
          1,
          4,
          null,
          null,
          null
        ]
      },
      "/Users/oreolpost/work/ruby/marketplace_aggregator/spec/factories/marketplaces.rb": {
        "lines": [
          null,
          null,
          1,
          1,
          10,
          10,
          19,
          19,
          null,
          1,
          12,
          12,
          12,
          12,
          null,
          null,
          1,
          15,
          15,
          15,
          15,
          null,
          null,
          1,
          1,
          1,
          null,
          null,
          1,
          10,
          10,
          null,
          null,
          null
        ]
      },
      "/Users/oreolpost/work/ruby/marketplace_aggregator/spec/factories/products.rb": {
        "lines": [
          null,
          null,
          1,
          5,
          null,
          1,
          1,
          1,
          null,
          1,
          1,
          null,
          null,
          1,
          1,
          null,
          null,
          null
        ]
      },
      "/Users/oreolpost/work/ruby/marketplace_aggregator/config/routes.rb": {
        "lines": [
          null,
          null,
          1,
          null,
          null,
          null,
          null,
          1,
          null,
          null,
          null,
          null
        ]
      },
      "/Users/oreolpost/work/ruby/marketplace_aggregator/spec/support/api_helpers.rb": {
        "lines": [
          null,
          null,
          1,
          1,
          0,
          null,
          null,
          1,
          null,
          0,
          null,
          null,
          null,
          1,
          0,
          null,
          null
        ]
      },
      "/Users/oreolpost/work/ruby/marketplace_aggregator/app/models/client.rb": {
        "lines": [
          null,
          null,
          1,
          1,
          1,
          1,
          null,
          1,
          2,
          null,
          null
        ]
      },
      "/Users/oreolpost/work/ruby/marketplace_aggregator/app/models/application_record.rb": {
        "lines": [
          null,
          null,
          1,
          1,
          null
        ]
      },
      "/Users/oreolpost/work/ruby/marketplace_aggregator/spec/models/marketplace_credential_spec.rb": {
        "lines": [
          null,
          null,
          1,
          null,
          1,
          1,
          4,
          4,
          4,
          null,
          1,
          1,
          null,
          null,
          1,
          1,
          null,
          null,
          1,
          1,
          null,
          null,
          null,
          1,
          2,
          2,
          2,
          null,
          null,
          1,
          2,
          null,
          null,
          1,
          2,
          2,
          null,
          1,
          1,
          null,
          null,
          null,
          null,
          null,
          1,
          null,
          1,
          null,
          null,
          null,
          null,
          null,
          1,
          null,
          1,
          null,
          null,
          null,
          null,
          null,
          1,
          null,
          null,
          null
        ]
      },
      "/Users/oreolpost/work/ruby/marketplace_aggregator/app/models/marketplace_credential.rb": {
        "lines": [
          null,
          null,
          1,
          1,
          1,
          1,
          null,
          1,
          1,
          1,
          null,
          29,
          2,
          2,
          1,
          1,
          null,
          null,
          null,
          1,
          null,
          1,
          3,
          3,
          3,
          3,
          28,
          null,
          null,
          3,
          null,
          null
        ]
      },
      "/Users/oreolpost/work/ruby/marketplace_aggregator/spec/models/marketplace_spec.rb": {
        "lines": [
          null,
          null,
          1,
          null,
          2,
          null,
          1,
          1,
          2,
          2,
          2,
          null,
          null,
          1,
          2,
          null,
          null,
          1,
          10,
          10,
          10,
          null,
          1,
          1,
          null,
          null,
          1,
          1,
          null,
          null,
          1,
          1,
          null,
          null,
          1,
          1,
          null,
          null,
          1,
          1,
          null,
          null,
          1,
          1,
          null,
          null,
          1,
          1,
          null,
          null,
          1,
          1,
          null,
          null,
          1,
          1,
          null,
          null,
          null
        ]
      },
      "/Users/oreolpost/work/ruby/marketplace_aggregator/app/models/marketplace.rb": {
        "lines": [
          null,
          null,
          1,
          1,
          1,
          1,
          null,
          1,
          null,
          1,
          1,
          null,
          null,
          1,
          1,
          null,
          null,
          1,
          4,
          null,
          null,
          1,
          1,
          null,
          null,
          1,
          2,
          null,
          null,
          1,
          1,
          null,
          null,
          1,
          1,
          null,
          null,
          1,
          1,
          null,
          null,
          1,
          1,
          null,
          null
        ]
      },
      "/Users/oreolpost/work/ruby/marketplace_aggregator/spec/models/product_spec.rb": {
        "lines": [
          null,
          null,
          1,
          null,
          1,
          1,
          2,
          null,
          null,
          1,
          2,
          null,
          null,
          1,
          2,
          null,
          2,
          null,
          null,
          1,
          2,
          null,
          2,
          null,
          null,
          1,
          3,
          2,
          2,
          2,
          2,
          null,
          1,
          1,
          1,
          1,
          1,
          null,
          null,
          1,
          1,
          1,
          1,
          1,
          null,
          null,
          null
        ]
      },
      "/Users/oreolpost/work/ruby/marketplace_aggregator/app/models/product.rb": {
        "lines": [
          null,
          null,
          1,
          1,
          null,
          null,
          null,
          null,
          1,
          null,
          null,
          null,
          null,
          null,
          null,
          null,
          null,
          1,
          null,
          1,
          null
        ]
      }
    },
    "timestamp": 1704653975
  }
}
