{
  "RSpec": {
    "coverage": {
      "/Users/oreolpost/work/ruby/marketplace_aggregator/spec/support/factory_bot.rb": {
        "lines": [
          null,
          null,
          1,
          1,
          null
        ]
      },
      "/Users/oreolpost/work/ruby/marketplace_aggregator/config/environment.rb": {
        "lines": [
          null,
          null,
          null,
          1,
          null,
          null,
          1
        ]
      },
      "/Users/oreolpost/work/ruby/marketplace_aggregator/config/application.rb": {
        "lines": [
          null,
          null,
          1,
          null,
          1,
          null,
          1,
          1,
          1,
          null,
          1,
          null,
          null,
          null,
          1,
          null,
          null,
          null,
          null,
          null,
          1,
          null,
          null,
          1,
          null,
          1,
          1,
          null,
          1,
          null,
          null,
          null,
          null,
          1,
          null,
          null,
          null,
          null,
          null,
          null,
          null,
          null,
          null,
          null,
          null,
          null,
          1,
          null,
          1,
          null,
          1,
          null,
          null,
          null,
          1,
          null,
          null,
          1,
          null,
          1,
          null,
          null
        ]
      },
      "/Users/oreolpost/work/ruby/marketplace_aggregator/config/boot.rb": {
        "lines": [
          null,
          null,
          1,
          null,
          1
        ]
      },
      "/Users/oreolpost/work/ruby/marketplace_aggregator/config/environments/test.rb": {
        "lines": [
          null,
          null,
          1,
          null,
          null,
          null,
          null,
          null,
          null,
          1,
          null,
          null,
          null,
          1,
          null,
          null,
          null,
          null,
          null,
          1,
          null,
          null,
          1,
          1,
          null,
          null,
          null,
          null,
          1,
          1,
          1,
          null,
          null,
          1,
          null,
          null,
          1,
          null,
          null,
          1,
          null,
          null,
          1,
          null,
          null,
          1,
          null,
          null,
          null,
          null,
          null,
          null,
          null,
          null,
          1,
          null
        ]
      },
      "/Users/oreolpost/work/ruby/marketplace_aggregator/config/initializers/cors.rb": {
        "lines": [
          null,
          null,
          null,
          null,
          null,
          null,
          null,
          null,
          null,
          null,
          null,
          null,
          null,
          null,
          null,
          null,
          null
        ]
      },
      "/Users/oreolpost/work/ruby/marketplace_aggregator/config/initializers/filter_parameter_logging.rb": {
        "lines": [
          null,
          null,
          null,
          null,
          null,
          null,
          null,
          1,
          null,
          null
        ]
      },
      "/Users/oreolpost/work/ruby/marketplace_aggregator/config/initializers/inflections.rb": {
        "lines": [
          null,
          null,
          null,
          null,
          null,
          null,
          null,
          null,
          null,
          null,
          null,
          null,
          null,
          null,
          null,
          null,
          null
        ]
      },
      "/Users/oreolpost/work/ruby/marketplace_aggregator/spec/factories/clients.rb": {
        "lines": [
          null,
          null,
          1,
          1,
          44,
          null,
          1,
          36,
          null,
          null,
          null
        ]
      },
      "/Users/oreolpost/work/ruby/marketplace_aggregator/spec/factories/marketplace_credentials.rb": {
        "lines": [
          null,
          null,
          1,
          1,
          1,
          1,
          12,
          7,
          null,
          1,
          1,
          1,
          3,
          3,
          null,
          null,
          1,
          1,
          1,
          31,
          1,
          26,
          null,
          null,
          null,
          null,
          1,
          1,
          1,
          4,
          4,
          null,
          null,
          1,
          1,
          1,
          6,
          null,
          null,
          1,
          1,
          1,
          1,
          null,
          null,
          null
        ]
      },
      "/Users/oreolpost/work/ruby/marketplace_aggregator/spec/factories/marketplaces.rb": {
        "lines": [
          null,
          null,
          1,
          1,
          7,
          7,
          19,
          19,
          null,
          1,
          12,
          12,
          12,
          12,
          null,
          null,
          1,
          43,
          43,
          43,
          43,
          null,
          null,
          1,
          4,
          4,
          null,
          null,
          1,
          10,
          10,
          null,
          null,
          null
        ]
      },
      "/Users/oreolpost/work/ruby/marketplace_aggregator/spec/factories/products.rb": {
        "lines": [
          null,
          null,
          1,
          5,
          null,
          1,
          1,
          1,
          null,
          1,
          1,
          null,
          null,
          1,
          1,
          null,
          null,
          null
        ]
      },
      "/Users/oreolpost/work/ruby/marketplace_aggregator/config/routes.rb": {
        "lines": [
          null,
          null,
          1,
          null,
          1,
          null,
          1,
          null,
          null,
          null,
          1,
          null,
          null,
          null,
          null
        ]
      },
      "/Users/oreolpost/work/ruby/marketplace_aggregator/spec/shared/marketplace_credential_yandex_offer_mappings.rb": {
        "lines": [
          null,
          null,
          1,
          6,
          2,
          4,
          null,
          null,
          null,
          2,
          4,
          null,
          null,
          null,
          2,
          4,
          null,
          null,
          null,
          null,
          null,
          null,
          null,
          null,
          null,
          null,
          null,
          null,
          null,
          null,
          null,
          2,
          4,
          null,
          null,
          null,
          null,
          null,
          null,
          null,
          null,
          null,
          null,
          null,
          null,
          null,
          null,
          null,
          2,
          4,
          null,
          null,
          null,
          null,
          null,
          null,
          null,
          null,
          null,
          null,
          null,
          null,
          null,
          null,
          null,
          null
        ]
      },
      "/Users/oreolpost/work/ruby/marketplace_aggregator/spec/shared/marketplace_credential_yandex_offer_mappings_400_stub.rb": {
        "lines": [
          null,
          null,
          1,
          2,
          1,
          1,
          null,
          null,
          null,
          1,
          1,
          null,
          null,
          null,
          null,
          null,
          null,
          null,
          null,
          null,
          null,
          null,
          null,
          null,
          null,
          null
        ]
      },
      "/Users/oreolpost/work/ruby/marketplace_aggregator/spec/shared/marketplace_credential_yandex_offer_mappings_403_stub.rb": {
        "lines": [
          null,
          null,
          1,
          2,
          1,
          1,
          null,
          null,
          null,
          1,
          1,
          null,
          null,
          null,
          null,
          null,
          null,
          null,
          null,
          null,
          null,
          null,
          null,
          null,
          null,
          null
        ]
      },
      "/Users/oreolpost/work/ruby/marketplace_aggregator/spec/shared/marketplace_credential_yandex_offer_mappings_420_stub.rb": {
        "lines": [
          null,
          null,
          1,
          2,
          1,
          1,
          null,
          null,
          null,
          1,
          1,
          null,
          null,
          null,
          null,
          null,
          null,
          null,
          null,
          null,
          null,
          null,
          null,
          null,
          null,
          null
        ]
      },
      "/Users/oreolpost/work/ruby/marketplace_aggregator/spec/shared/marketplace_credential_yandex_offer_mappings_500_stub.rb": {
        "lines": [
          null,
          null,
          1,
          2,
          1,
          1,
          null,
          null,
          null,
          1,
          1,
          null,
          null,
          null,
          null,
          null,
          null,
          null,
          null,
          null,
          null,
          null,
          null,
          null,
          null,
          null
        ]
      },
      "/Users/oreolpost/work/ruby/marketplace_aggregator/app/business_logic/tasks/import_products.rb": {
        "lines": [
          null,
          null,
          1,
          null,
          1,
          1,
          1,
          1,
          3,
          null,
          3,
          null,
          3,
          null,
          3,
          null,
          3,
          null,
          null,
          null,
          null,
          null
        ]
      },
      "/Users/oreolpost/work/ruby/marketplace_aggregator/app/business_logic/operations/check_credentials.rb": {
        "lines": [
          null,
          null,
          1,
          1,
          1,
          1,
          null,
          1,
          6,
          null,
          null,
          1,
          null,
          6,
          1,
          1,
          null,
          6,
          null,
          6,
          null,
          null,
          1,
          null,
          1,
          null,
          5,
          null,
          4,
          null,
          4,
          null,
          1,
          1,
          1,
          null,
          null,
          1,
          6,
          6,
          4,
          null,
          5,
          null,
          null,
          null,
          1,
          null,
          null,
          null,
          null,
          null
        ]
      },
      "/Users/oreolpost/work/ruby/marketplace_aggregator/spec/business_logic/tasks/import_products_spec.rb": {
        "lines": [
          null,
          null,
          1,
          1,
          null,
          1,
          1,
          2,
          2,
          1,
          1,
          null,
          null,
          null,
          null,
          null,
          1,
          1,
          null,
          null,
          null,
          null,
          null,
          1,
          1,
          1,
          null,
          1,
          null,
          null,
          1,
          null,
          null,
          null,
          null,
          null,
          null,
          null,
          null,
          null,
          null,
          null,
          null,
          null,
          1,
          1,
          null,
          null,
          null
        ]
      },
      "/Users/oreolpost/work/ruby/marketplace_aggregator/spec/jobs/marketplace_interaction/import_products_job_spec.rb": {
        "lines": [
          null,
          null,
          1,
          null,
          1,
          3,
          null,
          1,
          1,
          1,
          null,
          1,
          1,
          null,
          null,
          null,
          null,
          1,
          1,
          1,
          1,
          null,
          null,
          null,
          null,
          null,
          null,
          2,
          null,
          1,
          1,
          null,
          null,
          null
        ]
      },
      "/Users/oreolpost/work/ruby/marketplace_aggregator/app/jobs/marketplace_interaction/import_products_job.rb": {
        "lines": [
          null,
          null,
          1,
          null,
          1,
          1,
          1,
          null,
          1,
          1,
          null,
          null,
          null
        ]
      },
      "/Users/oreolpost/work/ruby/marketplace_aggregator/app/jobs/application_job.rb": {
        "lines": [
          null,
          null,
          1,
          null,
          null,
          null,
          null,
          1,
          null
        ]
      },
      "/Users/oreolpost/work/ruby/marketplace_aggregator/spec/jobs/products/import_job_spec.rb": {
        "lines": [
          null,
          null,
          1,
          null,
          1,
          1,
          1,
          null,
          1,
          1,
          1,
          null,
          1,
          1,
          null,
          null,
          null,
          null,
          1,
          1,
          2,
          null,
          1,
          1,
          null,
          null,
          1,
          1,
          null,
          null,
          null,
          null,
          1,
          2,
          null,
          1,
          1,
          null,
          2,
          null,
          1,
          1,
          null,
          null,
          null,
          null,
          1,
          3,
          null,
          1,
          1,
          null,
          2,
          null,
          1,
          1,
          null,
          null,
          null,
          1,
          1,
          null,
          1,
          1,
          1,
          1,
          null,
          null,
          null,
          null,
          1,
          1,
          1,
          null,
          1,
          null,
          1,
          1,
          1,
          null,
          null,
          null,
          1,
          1,
          null,
          1,
          null,
          1,
          1,
          1,
          null,
          null,
          null,
          1,
          1,
          null,
          1,
          null,
          1,
          1,
          1,
          null,
          null,
          null,
          1,
          1,
          null,
          1,
          null,
          1,
          1,
          1,
          null,
          null,
          null,
          null
        ]
      },
      "/Users/oreolpost/work/ruby/marketplace_aggregator/app/jobs/products/import_job.rb": {
        "lines": [
          null,
          null,
          1,
          1,
          1,
          10,
          10,
          4,
          null,
          6,
          null,
          null,
          null,
          1,
          null,
          1,
          9,
          9,
          null,
          9,
          null,
          null,
          1,
          null,
          null,
          1,
          9,
          7,
          null,
          2,
          2,
          2,
          null,
          null,
          1,
          null,
          1,
          null,
          1,
          null,
          1,
          null,
          1,
          null,
          1,
          null,
          1,
          null,
          1,
          null,
          null,
          null,
          null
        ]
      },
      "/Users/oreolpost/work/ruby/marketplace_aggregator/spec/models/client_spec.rb": {
        "lines": [
          null,
          null,
          1,
          null,
          1,
          1,
          2,
          2,
          2,
          null,
          null,
          1,
          2,
          2,
          2,
          1,
          1,
          null,
          null,
          null,
          null,
          null,
          null,
          null,
          null,
          1,
          1,
          null,
          null,
          null,
          1,
          1,
          1,
          null,
          null,
          null
        ]
      },
      "/Users/oreolpost/work/ruby/marketplace_aggregator/app/models/client.rb": {
        "lines": [
          null,
          null,
          1,
          1,
          1,
          1,
          null,
          1,
          2,
          null,
          null
        ]
      },
      "/Users/oreolpost/work/ruby/marketplace_aggregator/app/models/application_record.rb": {
        "lines": [
          null,
          null,
          1,
          1,
          null
        ]
      },
      "/Users/oreolpost/work/ruby/marketplace_aggregator/spec/models/marketplace_credential_spec.rb": {
        "lines": [
          null,
          null,
          1,
          null,
          1,
          1,
          4,
          4,
          4,
          null,
          1,
          1,
          null,
          null,
          1,
          1,
          null,
          null,
          1,
          1,
          null,
          null,
          null,
          1,
          2,
          2,
          2,
          null,
          null,
          1,
          2,
          null,
          null,
          1,
          2,
          2,
          null,
          1,
          1,
          null,
          null,
          null,
          null,
          null,
          1,
          null,
          1,
          null,
          null,
          null,
          null,
          null,
          1,
          null,
          1,
          null,
          null,
          null,
          null,
          null,
          1,
          null,
          null,
          null
        ]
      },
      "/Users/oreolpost/work/ruby/marketplace_aggregator/app/models/marketplace_credential.rb": {
        "lines": [
          null,
          null,
          1,
          1,
          1,
          1,
          null,
          1,
          1,
          1,
          null,
          81,
          2,
          2,
          1,
          1,
          null,
          null,
          null,
          1,
          null,
          1,
          6,
          6,
          6,
          3,
          28,
          null,
          null,
          6,
          null,
          null
        ]
      },
      "/Users/oreolpost/work/ruby/marketplace_aggregator/spec/models/marketplace_spec.rb": {
        "lines": [
          null,
          null,
          1,
          null,
          2,
          null,
          1,
          1,
          2,
          2,
          2,
          null,
          null,
          1,
          2,
          null,
          null,
          1,
          10,
          10,
          10,
          null,
          1,
          1,
          null,
          null,
          1,
          1,
          null,
          null,
          1,
          1,
          null,
          null,
          1,
          1,
          null,
          null,
          1,
          1,
          null,
          null,
          1,
          1,
          null,
          null,
          1,
          1,
          null,
          null,
          1,
          1,
          null,
          null,
          1,
          1,
          null,
          null,
          null
        ]
      },
      "/Users/oreolpost/work/ruby/marketplace_aggregator/app/models/marketplace.rb": {
        "lines": [
          null,
          null,
          1,
          1,
          1,
          1,
          null,
          1,
          null,
          1,
          1,
          null,
          null,
          1,
          1,
          null,
          null,
          1,
          7,
          null,
          null,
          1,
          1,
          null,
          null,
          1,
          2,
          null,
          null,
          1,
          1,
          null,
          null,
          1,
          15,
          null,
          null,
          1,
          1,
          null,
          null,
          1,
          1,
          null,
          null
        ]
      },
      "/Users/oreolpost/work/ruby/marketplace_aggregator/spec/models/product_spec.rb": {
        "lines": [
          null,
          null,
          1,
          null,
          1,
          1,
          2,
          null,
          null,
          1,
          2,
          null,
          null,
          1,
          2,
          null,
          2,
          null,
          null,
          1,
          2,
          null,
          2,
          null,
          null,
          1,
          3,
          2,
          2,
          2,
          2,
          null,
          1,
          1,
          1,
          1,
          1,
          null,
          null,
          1,
          1,
          1,
          1,
          1,
          null,
          null,
          null
        ]
      },
      "/Users/oreolpost/work/ruby/marketplace_aggregator/app/models/product.rb": {
        "lines": [
          null,
          null,
          1,
          1,
          null,
          null,
          null,
          null,
          1,
          null,
          null,
          null,
          null,
          null,
          null,
          null,
          null,
          1,
          null,
          1,
          null
        ]
      },
      "/Users/oreolpost/work/ruby/marketplace_aggregator/spec/services/yandex/api/offer_mappings_spec.rb": {
        "lines": [
          null,
          null,
          1,
          null,
          1,
          2,
          2,
          3,
          2,
          null,
          2,
          null,
          1,
          1,
          1,
          1,
          null,
          1,
          null,
          null,
          null,
          null,
          null,
          null,
          null,
          null,
          null,
          null,
          null,
          1,
          null,
          null,
          1,
          1,
          1,
          1,
          null,
          null,
          null
        ]
      },
      "/Users/oreolpost/work/ruby/marketplace_aggregator/app/services/yandex/api.rb": {
        "lines": [
          null,
          null,
          1,
          1,
          1,
          1,
          null,
          1,
          24,
          24,
          24,
          24,
          null,
          null,
          1,
          null,
          30,
          30,
          null,
          null,
          1,
          null,
          1,
          10,
          null,
          null,
          1,
          null,
          30,
          null,
          null,
          null,
          null,
          1,
          1,
          1,
          1,
          1,
          1,
          null,
          null,
          null,
          null,
          1,
          29,
          29,
          29,
          29,
          29,
          29,
          null,
          null,
          null,
          null,
          1,
          30,
          30,
          30,
          8,
          null,
          null,
          null,
          null,
          null,
          null,
          22,
          null,
          null,
          1,
          8,
          2,
          6,
          2,
          4,
          2,
          null,
          2,
          null,
          null,
          null,
          null
        ]
      },
      "/Users/oreolpost/work/ruby/marketplace_aggregator/app/services/yandex/api/offer_mappings.rb": {
        "lines": [
          null,
          null,
          null,
          null,
          1,
          1,
          1,
          1,
          14,
          14,
          null,
          null,
          1,
          20,
          null,
          null,
          1,
          20,
          null,
          null,
          null,
          null
        ]
      },
      "/Users/oreolpost/work/ruby/marketplace_aggregator/spec/services/yandex/api_spec.rb": {
        "lines": [
          null,
          null,
          1,
          null,
          1,
          11,
          11,
          21,
          11,
          null,
          11,
          null,
          1,
          1,
          1,
          1,
          null,
          1,
          null,
          null,
          null,
          null,
          null,
          1,
          1,
          1,
          1,
          1,
          null,
          null,
          null,
          1,
          1,
          1,
          1,
          null,
          1,
          null,
          null,
          null,
          null,
          null,
          1,
          null,
          null,
          null,
          null,
          1,
          1,
          1,
          1,
          null,
          null,
          null,
          1,
          1,
          1,
          1,
          1,
          null,
          1,
          null,
          null,
          null,
          null,
          null,
          1,
          null,
          null,
          null,
          null,
          null,
          1,
          1,
          1,
          1,
          null,
          null,
          1,
          1,
          1,
          null,
          1,
          null,
          null,
          null,
          null,
          null,
          1,
          1,
          null,
          null,
          null,
          null,
          null,
          null,
          1,
          null,
          null,
          null,
          1,
          1,
          1,
          1,
          null,
          1,
          null,
          null,
          null,
          null,
          null,
          1,
          null,
          null,
          null,
          null,
          null,
          1,
          1,
          1,
          1,
          null,
          null,
          1,
          1,
          1,
          null,
          1,
          null,
          null,
          null,
          null,
          null,
          1,
          1,
          null,
          null,
          null,
          null,
          null,
          null,
          1,
          null,
          null,
          null,
          1,
          1,
          1,
          1,
          null,
          1,
          null,
          null,
          null,
          null,
          null,
          1,
          null,
          null,
          null,
          null,
          null,
          1,
          1,
          1,
          1,
          null,
          null,
          1,
          1,
          1,
          null,
          1,
          null,
          null,
          null,
          null,
          null,
          1,
          1,
          null,
          null,
          null,
          null,
          null,
          null,
          1,
          null,
          null,
          null,
          1,
          1,
          1,
          1,
          null,
          1,
          null,
          null,
          null,
          null,
          null,
          1,
          null,
          null,
          null,
          null,
          null,
          1,
          1,
          1,
          1,
          null,
          null,
          1,
          1,
          1,
          null,
          1,
          null,
          null,
          null,
          null,
          null,
          1,
          1,
          null,
          null,
          null,
          null,
          null,
          null,
          1,
          null,
          null,
          null,
          null
        ]
      },
      "/Users/oreolpost/work/ruby/marketplace_aggregator/spec/services/yandex/products_downloader_spec.rb": {
        "lines": [
          null,
          null,
          1,
          null,
          1,
          1,
          1,
          null,
          1,
          2,
          null,
          null,
          1,
          1,
          null,
          null,
          null,
          1,
          1,
          1,
          1,
          1,
          1,
          1,
          1,
          1,
          1,
          1,
          null,
          null,
          null,
          null
        ]
      },
      "/Users/oreolpost/work/ruby/marketplace_aggregator/app/services/yandex/products_downloader.rb": {
        "lines": [
          null,
          null,
          null,
          null,
          1,
          1,
          1,
          null,
          1,
          null,
          1,
          9,
          9,
          9,
          null,
          null,
          1,
          9,
          null,
          8,
          4,
          4,
          null,
          null,
          1,
          null,
          1,
          4,
          4,
          null,
          4,
          null,
          null,
          null,
          null,
          null
        ]
      },
      "/Users/oreolpost/work/ruby/marketplace_aggregator/app/services/yandex/products_downloader/downloading_scheme.rb": {
        "lines": [
          null,
          null,
          1,
          null,
          1,
          1,
          1,
          1,
          null,
          1,
          1,
          null,
          1,
          null,
          8,
          null,
          4,
          null,
          null,
          1,
          8,
          8,
          8,
          null,
          null,
          null,
          1,
          4,
          4,
          null,
          null,
          1,
          12,
          12,
          15,
          null,
          null,
          null,
          11,
          null,
          11,
          null,
          11,
          null,
          6,
          null,
          0,
          null,
          null,
          null,
          6,
          null,
          6,
          3,
          null,
          3,
          null,
          null,
          null,
          null,
          1,
          null,
          null,
          null
        ]
      },
      "/Users/oreolpost/work/ruby/marketplace_aggregator/app/business_logic/handles/products_downloader.rb": {
        "lines": [
          null,
          null,
          1,
          1,
          1,
          1,
          null,
          null,
          null,
          null,
          null,
          null,
          null,
          null,
          null,
          null,
          1,
          1,
          8,
          null,
          null,
          1,
          3,
          3,
          null,
          null,
          null,
          null,
          null
        ]
      },
      "/Users/oreolpost/work/ruby/marketplace_aggregator/app/services/yandex/products_downloader/importing_scheme.rb": {
        "lines": [
          null,
          null,
          1,
          null,
          1,
          1,
          1,
          1,
          6,
          6,
          6,
          null,
          6,
          6,
          null,
          null,
          null,
          6,
          6,
          null,
          null,
          null,
          null,
          null,
          null,
          1,
          6,
          6,
          6,
          6,
          6,
          null,
          6,
          24,
          null,
          6,
          6,
          null,
          6,
          null,
          6,
          6,
          6,
          6,
          null,
          6,
          null,
          6,
          null,
          null,
          null,
          null,
          null,
          1,
          null,
          null,
          null
        ]
      },
      "/Users/oreolpost/work/ruby/marketplace_aggregator/app/services/yandex/check_credentials.rb": {
        "lines": [
          null,
          null,
          null,
          null,
          null,
          null,
          1,
          1,
          null,
          null,
          null,
          null,
          null,
          null,
          null,
          1,
          null,
          null,
          4,
          null,
          null,
          null,
          null,
          null,
          4,
          null,
          0,
          null,
          null,
          4,
          null,
          null,
          null,
          null,
          null,
          4,
          1,
          null,
          3,
          null,
          null,
          0,
          null,
          null,
          null,
          null
        ]
      },
      "/Users/oreolpost/work/ruby/marketplace_aggregator/app/services/connection.rb": {
        "lines": [
          null,
          null,
          1,
          null,
          1,
          null,
          null,
          null,
          null,
          null,
          1,
          24,
          1,
          1,
          null,
          null,
          null
        ]
      },
      "/Users/oreolpost/work/ruby/marketplace_aggregator/lib/marketplace_aggregator/api_bad_request_error.rb": {
        "lines": [
          null,
          null,
          1,
          1,
          null
        ]
      },
      "/Users/oreolpost/work/ruby/marketplace_aggregator/lib/marketplace_aggregator/api_error.rb": {
        "lines": [
          null,
          null,
          1,
          1,
          1,
          8,
          8,
          null,
          null,
          null
        ]
      },
      "/Users/oreolpost/work/ruby/marketplace_aggregator/lib/marketplace_aggregator/api_access_denied_error.rb": {
        "lines": [
          null,
          null,
          1,
          1,
          null
        ]
      },
      "/Users/oreolpost/work/ruby/marketplace_aggregator/lib/marketplace_aggregator/api_limit_error.rb": {
        "lines": [
          null,
          null,
          1,
          1,
          null
        ]
      }
    },
    "timestamp": 1705313636
  }
}
